ARM GAS  C:\Users\Henry\AppData\Local\Temp\ccrXzVRi.s 			page 1


   1              		.cpu cortex-m0
   2              		.fpu softvfp
   3              		.eabi_attribute 20, 1
   4              		.eabi_attribute 21, 1
   5              		.eabi_attribute 23, 3
   6              		.eabi_attribute 24, 1
   7              		.eabi_attribute 25, 1
   8              		.eabi_attribute 26, 1
   9              		.eabi_attribute 30, 1
  10              		.eabi_attribute 34, 0
  11              		.eabi_attribute 18, 4
  12              		.code	16
  13              		.file	"shifter_switches.c"
  14              		.text
  15              	.Ltext0:
  16              		.cfi_sections	.debug_frame
  17              		.section	.text.shifter_switches_Write,"ax",%progbits
  18              		.align	2
  19              		.global	shifter_switches_Write
  20              		.code	16
  21              		.thumb_func
  22              		.type	shifter_switches_Write, %function
  23              	shifter_switches_Write:
  24              	.LFB0:
  25              		.file 1 ".\\Generated_Source\\PSoC4\\shifter_switches.c"
   1:.\Generated_Source\PSoC4/shifter_switches.c **** /*******************************************************************************
   2:.\Generated_Source\PSoC4/shifter_switches.c **** * File Name: shifter_switches.c  
   3:.\Generated_Source\PSoC4/shifter_switches.c **** * Version 2.10
   4:.\Generated_Source\PSoC4/shifter_switches.c **** *
   5:.\Generated_Source\PSoC4/shifter_switches.c **** * Description:
   6:.\Generated_Source\PSoC4/shifter_switches.c **** *  This file contains API to enable firmware control of a Pins component.
   7:.\Generated_Source\PSoC4/shifter_switches.c **** *
   8:.\Generated_Source\PSoC4/shifter_switches.c **** * Note:
   9:.\Generated_Source\PSoC4/shifter_switches.c **** *
  10:.\Generated_Source\PSoC4/shifter_switches.c **** ********************************************************************************
  11:.\Generated_Source\PSoC4/shifter_switches.c **** * Copyright 2008-2014, Cypress Semiconductor Corporation.  All rights reserved.
  12:.\Generated_Source\PSoC4/shifter_switches.c **** * You may use this file only in accordance with the license, terms, conditions, 
  13:.\Generated_Source\PSoC4/shifter_switches.c **** * disclaimers, and limitations in the end user license agreement accompanying 
  14:.\Generated_Source\PSoC4/shifter_switches.c **** * the software package with which this file was provided.
  15:.\Generated_Source\PSoC4/shifter_switches.c **** *******************************************************************************/
  16:.\Generated_Source\PSoC4/shifter_switches.c **** 
  17:.\Generated_Source\PSoC4/shifter_switches.c **** #include "cytypes.h"
  18:.\Generated_Source\PSoC4/shifter_switches.c **** #include "shifter_switches.h"
  19:.\Generated_Source\PSoC4/shifter_switches.c **** 
  20:.\Generated_Source\PSoC4/shifter_switches.c **** #define SetP4PinDriveMode(shift, mode)  \
  21:.\Generated_Source\PSoC4/shifter_switches.c ****     do { \
  22:.\Generated_Source\PSoC4/shifter_switches.c ****         shifter_switches_PC =   (shifter_switches_PC & \
  23:.\Generated_Source\PSoC4/shifter_switches.c ****                                 (uint32)(~(uint32)(shifter_switches_DRIVE_MODE_IND_MASK << (shifter
  24:.\Generated_Source\PSoC4/shifter_switches.c ****                                 (uint32)((uint32)(mode) << (shifter_switches_DRIVE_MODE_BITS * (shi
  25:.\Generated_Source\PSoC4/shifter_switches.c ****     } while (0)
  26:.\Generated_Source\PSoC4/shifter_switches.c **** 
  27:.\Generated_Source\PSoC4/shifter_switches.c **** 
  28:.\Generated_Source\PSoC4/shifter_switches.c **** /*******************************************************************************
  29:.\Generated_Source\PSoC4/shifter_switches.c **** * Function Name: shifter_switches_Write
  30:.\Generated_Source\PSoC4/shifter_switches.c **** ********************************************************************************
  31:.\Generated_Source\PSoC4/shifter_switches.c **** *
  32:.\Generated_Source\PSoC4/shifter_switches.c **** * Summary:
ARM GAS  C:\Users\Henry\AppData\Local\Temp\ccrXzVRi.s 			page 2


  33:.\Generated_Source\PSoC4/shifter_switches.c **** *  Assign a new value to the digital port's data output register.  
  34:.\Generated_Source\PSoC4/shifter_switches.c **** *
  35:.\Generated_Source\PSoC4/shifter_switches.c **** * Parameters:  
  36:.\Generated_Source\PSoC4/shifter_switches.c **** *  prtValue:  The value to be assigned to the Digital Port. 
  37:.\Generated_Source\PSoC4/shifter_switches.c **** *
  38:.\Generated_Source\PSoC4/shifter_switches.c **** * Return: 
  39:.\Generated_Source\PSoC4/shifter_switches.c **** *  None 
  40:.\Generated_Source\PSoC4/shifter_switches.c **** *  
  41:.\Generated_Source\PSoC4/shifter_switches.c **** *******************************************************************************/
  42:.\Generated_Source\PSoC4/shifter_switches.c **** void shifter_switches_Write(uint8 value) 
  43:.\Generated_Source\PSoC4/shifter_switches.c **** {
  26              		.loc 1 43 0
  27              		.cfi_startproc
  28              	.LVL0:
  29 0000 031C     		mov	r3, r0
  44:.\Generated_Source\PSoC4/shifter_switches.c ****     uint8 drVal = (uint8)(shifter_switches_DR & (uint8)(~shifter_switches_MASK));
  30              		.loc 1 44 0
  31 0002 0449     		ldr	r1, .L2
  32 0004 0868     		ldr	r0, [r1]
  33              	.LVL1:
  34 0006 FC22     		mov	r2, #252
  35 0008 0240     		and	r2, r0
  36              	.LVL2:
  45:.\Generated_Source\PSoC4/shifter_switches.c ****     drVal = (drVal | ((uint8)(value << shifter_switches_SHIFT) & shifter_switches_MASK));
  37              		.loc 1 45 0
  38 000a 0320     		mov	r0, #3
  39 000c 1840     		and	r0, r3
  40 000e 1043     		orr	r0, r2
  41              	.LVL3:
  46:.\Generated_Source\PSoC4/shifter_switches.c ****     shifter_switches_DR = (uint32)drVal;
  42              		.loc 1 46 0
  43 0010 0860     		str	r0, [r1]
  47:.\Generated_Source\PSoC4/shifter_switches.c **** }
  44              		.loc 1 47 0
  45              		@ sp needed
  46 0012 7047     		bx	lr
  47              	.L3:
  48              		.align	2
  49              	.L2:
  50 0014 00010440 		.word	1074004224
  51              		.cfi_endproc
  52              	.LFE0:
  53              		.size	shifter_switches_Write, .-shifter_switches_Write
  54              		.section	.text.shifter_switches_SetDriveMode,"ax",%progbits
  55              		.align	2
  56              		.global	shifter_switches_SetDriveMode
  57              		.code	16
  58              		.thumb_func
  59              		.type	shifter_switches_SetDriveMode, %function
  60              	shifter_switches_SetDriveMode:
  61              	.LFB1:
  48:.\Generated_Source\PSoC4/shifter_switches.c **** 
  49:.\Generated_Source\PSoC4/shifter_switches.c **** 
  50:.\Generated_Source\PSoC4/shifter_switches.c **** /*******************************************************************************
  51:.\Generated_Source\PSoC4/shifter_switches.c **** * Function Name: shifter_switches_SetDriveMode
  52:.\Generated_Source\PSoC4/shifter_switches.c **** ********************************************************************************
  53:.\Generated_Source\PSoC4/shifter_switches.c **** *
ARM GAS  C:\Users\Henry\AppData\Local\Temp\ccrXzVRi.s 			page 3


  54:.\Generated_Source\PSoC4/shifter_switches.c **** * Summary:
  55:.\Generated_Source\PSoC4/shifter_switches.c **** *  Change the drive mode on the pins of the port.
  56:.\Generated_Source\PSoC4/shifter_switches.c **** * 
  57:.\Generated_Source\PSoC4/shifter_switches.c **** * Parameters:  
  58:.\Generated_Source\PSoC4/shifter_switches.c **** *  mode:  Change the pins to one of the following drive modes.
  59:.\Generated_Source\PSoC4/shifter_switches.c **** *
  60:.\Generated_Source\PSoC4/shifter_switches.c **** *  shifter_switches_DM_STRONG     Strong Drive 
  61:.\Generated_Source\PSoC4/shifter_switches.c **** *  shifter_switches_DM_OD_HI      Open Drain, Drives High 
  62:.\Generated_Source\PSoC4/shifter_switches.c **** *  shifter_switches_DM_OD_LO      Open Drain, Drives Low 
  63:.\Generated_Source\PSoC4/shifter_switches.c **** *  shifter_switches_DM_RES_UP     Resistive Pull Up 
  64:.\Generated_Source\PSoC4/shifter_switches.c **** *  shifter_switches_DM_RES_DWN    Resistive Pull Down 
  65:.\Generated_Source\PSoC4/shifter_switches.c **** *  shifter_switches_DM_RES_UPDWN  Resistive Pull Up/Down 
  66:.\Generated_Source\PSoC4/shifter_switches.c **** *  shifter_switches_DM_DIG_HIZ    High Impedance Digital 
  67:.\Generated_Source\PSoC4/shifter_switches.c **** *  shifter_switches_DM_ALG_HIZ    High Impedance Analog 
  68:.\Generated_Source\PSoC4/shifter_switches.c **** *
  69:.\Generated_Source\PSoC4/shifter_switches.c **** * Return: 
  70:.\Generated_Source\PSoC4/shifter_switches.c **** *  None
  71:.\Generated_Source\PSoC4/shifter_switches.c **** *
  72:.\Generated_Source\PSoC4/shifter_switches.c **** *******************************************************************************/
  73:.\Generated_Source\PSoC4/shifter_switches.c **** void shifter_switches_SetDriveMode(uint8 mode) 
  74:.\Generated_Source\PSoC4/shifter_switches.c **** {
  62              		.loc 1 74 0
  63              		.cfi_startproc
  64              	.LVL4:
  75:.\Generated_Source\PSoC4/shifter_switches.c **** 	SetP4PinDriveMode(shifter_switches__0__SHIFT, mode);
  65              		.loc 1 75 0
  66 0000 064A     		ldr	r2, .L5
  67 0002 1368     		ldr	r3, [r2]
  68 0004 0721     		mov	r1, #7
  69 0006 8B43     		bic	r3, r1
  70 0008 0343     		orr	r3, r0
  71 000a 1360     		str	r3, [r2]
  76:.\Generated_Source\PSoC4/shifter_switches.c **** 	SetP4PinDriveMode(shifter_switches__1__SHIFT, mode);
  72              		.loc 1 76 0
  73 000c 1368     		ldr	r3, [r2]
  74 000e 3131     		add	r1, r1, #49
  75 0010 8B43     		bic	r3, r1
  76 0012 C000     		lsl	r0, r0, #3
  77              	.LVL5:
  78 0014 1843     		orr	r0, r3
  79 0016 1060     		str	r0, [r2]
  77:.\Generated_Source\PSoC4/shifter_switches.c **** }
  80              		.loc 1 77 0
  81              		@ sp needed
  82 0018 7047     		bx	lr
  83              	.L6:
  84 001a C046     		.align	2
  85              	.L5:
  86 001c 08010440 		.word	1074004232
  87              		.cfi_endproc
  88              	.LFE1:
  89              		.size	shifter_switches_SetDriveMode, .-shifter_switches_SetDriveMode
  90              		.section	.text.shifter_switches_Read,"ax",%progbits
  91              		.align	2
  92              		.global	shifter_switches_Read
  93              		.code	16
  94              		.thumb_func
ARM GAS  C:\Users\Henry\AppData\Local\Temp\ccrXzVRi.s 			page 4


  95              		.type	shifter_switches_Read, %function
  96              	shifter_switches_Read:
  97              	.LFB2:
  78:.\Generated_Source\PSoC4/shifter_switches.c **** 
  79:.\Generated_Source\PSoC4/shifter_switches.c **** 
  80:.\Generated_Source\PSoC4/shifter_switches.c **** /*******************************************************************************
  81:.\Generated_Source\PSoC4/shifter_switches.c **** * Function Name: shifter_switches_Read
  82:.\Generated_Source\PSoC4/shifter_switches.c **** ********************************************************************************
  83:.\Generated_Source\PSoC4/shifter_switches.c **** *
  84:.\Generated_Source\PSoC4/shifter_switches.c **** * Summary:
  85:.\Generated_Source\PSoC4/shifter_switches.c **** *  Read the current value on the pins of the Digital Port in right justified 
  86:.\Generated_Source\PSoC4/shifter_switches.c **** *  form.
  87:.\Generated_Source\PSoC4/shifter_switches.c **** *
  88:.\Generated_Source\PSoC4/shifter_switches.c **** * Parameters:  
  89:.\Generated_Source\PSoC4/shifter_switches.c **** *  None 
  90:.\Generated_Source\PSoC4/shifter_switches.c **** *
  91:.\Generated_Source\PSoC4/shifter_switches.c **** * Return: 
  92:.\Generated_Source\PSoC4/shifter_switches.c **** *  Returns the current value of the Digital Port as a right justified number
  93:.\Generated_Source\PSoC4/shifter_switches.c **** *  
  94:.\Generated_Source\PSoC4/shifter_switches.c **** * Note:
  95:.\Generated_Source\PSoC4/shifter_switches.c **** *  Macro shifter_switches_ReadPS calls this function. 
  96:.\Generated_Source\PSoC4/shifter_switches.c **** *  
  97:.\Generated_Source\PSoC4/shifter_switches.c **** *******************************************************************************/
  98:.\Generated_Source\PSoC4/shifter_switches.c **** uint8 shifter_switches_Read(void) 
  99:.\Generated_Source\PSoC4/shifter_switches.c **** {
  98              		.loc 1 99 0
  99              		.cfi_startproc
 100:.\Generated_Source\PSoC4/shifter_switches.c ****     return (uint8)((shifter_switches_PS & shifter_switches_MASK) >> shifter_switches_SHIFT);
 100              		.loc 1 100 0
 101 0000 024B     		ldr	r3, .L8
 102 0002 1868     		ldr	r0, [r3]
 103 0004 0323     		mov	r3, #3
 104 0006 1840     		and	r0, r3
 101:.\Generated_Source\PSoC4/shifter_switches.c **** }
 105              		.loc 1 101 0
 106              		@ sp needed
 107 0008 7047     		bx	lr
 108              	.L9:
 109 000a C046     		.align	2
 110              	.L8:
 111 000c 04010440 		.word	1074004228
 112              		.cfi_endproc
 113              	.LFE2:
 114              		.size	shifter_switches_Read, .-shifter_switches_Read
 115              		.section	.text.shifter_switches_ReadDataReg,"ax",%progbits
 116              		.align	2
 117              		.global	shifter_switches_ReadDataReg
 118              		.code	16
 119              		.thumb_func
 120              		.type	shifter_switches_ReadDataReg, %function
 121              	shifter_switches_ReadDataReg:
 122              	.LFB3:
 102:.\Generated_Source\PSoC4/shifter_switches.c **** 
 103:.\Generated_Source\PSoC4/shifter_switches.c **** 
 104:.\Generated_Source\PSoC4/shifter_switches.c **** /*******************************************************************************
 105:.\Generated_Source\PSoC4/shifter_switches.c **** * Function Name: shifter_switches_ReadDataReg
 106:.\Generated_Source\PSoC4/shifter_switches.c **** ********************************************************************************
ARM GAS  C:\Users\Henry\AppData\Local\Temp\ccrXzVRi.s 			page 5


 107:.\Generated_Source\PSoC4/shifter_switches.c **** *
 108:.\Generated_Source\PSoC4/shifter_switches.c **** * Summary:
 109:.\Generated_Source\PSoC4/shifter_switches.c **** *  Read the current value assigned to a Digital Port's data output register
 110:.\Generated_Source\PSoC4/shifter_switches.c **** *
 111:.\Generated_Source\PSoC4/shifter_switches.c **** * Parameters:  
 112:.\Generated_Source\PSoC4/shifter_switches.c **** *  None 
 113:.\Generated_Source\PSoC4/shifter_switches.c **** *
 114:.\Generated_Source\PSoC4/shifter_switches.c **** * Return: 
 115:.\Generated_Source\PSoC4/shifter_switches.c **** *  Returns the current value assigned to the Digital Port's data output register
 116:.\Generated_Source\PSoC4/shifter_switches.c **** *  
 117:.\Generated_Source\PSoC4/shifter_switches.c **** *******************************************************************************/
 118:.\Generated_Source\PSoC4/shifter_switches.c **** uint8 shifter_switches_ReadDataReg(void) 
 119:.\Generated_Source\PSoC4/shifter_switches.c **** {
 123              		.loc 1 119 0
 124              		.cfi_startproc
 120:.\Generated_Source\PSoC4/shifter_switches.c ****     return (uint8)((shifter_switches_DR & shifter_switches_MASK) >> shifter_switches_SHIFT);
 125              		.loc 1 120 0
 126 0000 024B     		ldr	r3, .L11
 127 0002 1868     		ldr	r0, [r3]
 128 0004 0323     		mov	r3, #3
 129 0006 1840     		and	r0, r3
 121:.\Generated_Source\PSoC4/shifter_switches.c **** }
 130              		.loc 1 121 0
 131              		@ sp needed
 132 0008 7047     		bx	lr
 133              	.L12:
 134 000a C046     		.align	2
 135              	.L11:
 136 000c 00010440 		.word	1074004224
 137              		.cfi_endproc
 138              	.LFE3:
 139              		.size	shifter_switches_ReadDataReg, .-shifter_switches_ReadDataReg
 140              		.section	.text.shifter_switches_ClearInterrupt,"ax",%progbits
 141              		.align	2
 142              		.global	shifter_switches_ClearInterrupt
 143              		.code	16
 144              		.thumb_func
 145              		.type	shifter_switches_ClearInterrupt, %function
 146              	shifter_switches_ClearInterrupt:
 147              	.LFB4:
 122:.\Generated_Source\PSoC4/shifter_switches.c **** 
 123:.\Generated_Source\PSoC4/shifter_switches.c **** 
 124:.\Generated_Source\PSoC4/shifter_switches.c **** /* If Interrupts Are Enabled for this Pins component */ 
 125:.\Generated_Source\PSoC4/shifter_switches.c **** #if defined(shifter_switches_INTSTAT) 
 126:.\Generated_Source\PSoC4/shifter_switches.c **** 
 127:.\Generated_Source\PSoC4/shifter_switches.c ****     /*******************************************************************************
 128:.\Generated_Source\PSoC4/shifter_switches.c ****     * Function Name: shifter_switches_ClearInterrupt
 129:.\Generated_Source\PSoC4/shifter_switches.c ****     ********************************************************************************
 130:.\Generated_Source\PSoC4/shifter_switches.c ****     *
 131:.\Generated_Source\PSoC4/shifter_switches.c ****     * Summary:
 132:.\Generated_Source\PSoC4/shifter_switches.c ****     *  Clears any active interrupts attached to port and returns the value of the 
 133:.\Generated_Source\PSoC4/shifter_switches.c ****     *  interrupt status register.
 134:.\Generated_Source\PSoC4/shifter_switches.c ****     *
 135:.\Generated_Source\PSoC4/shifter_switches.c ****     * Parameters:  
 136:.\Generated_Source\PSoC4/shifter_switches.c ****     *  None 
 137:.\Generated_Source\PSoC4/shifter_switches.c ****     *
 138:.\Generated_Source\PSoC4/shifter_switches.c ****     * Return: 
ARM GAS  C:\Users\Henry\AppData\Local\Temp\ccrXzVRi.s 			page 6


 139:.\Generated_Source\PSoC4/shifter_switches.c ****     *  Returns the value of the interrupt status register
 140:.\Generated_Source\PSoC4/shifter_switches.c ****     *  
 141:.\Generated_Source\PSoC4/shifter_switches.c ****     *******************************************************************************/
 142:.\Generated_Source\PSoC4/shifter_switches.c ****     uint8 shifter_switches_ClearInterrupt(void) 
 143:.\Generated_Source\PSoC4/shifter_switches.c ****     {
 148              		.loc 1 143 0
 149              		.cfi_startproc
 144:.\Generated_Source\PSoC4/shifter_switches.c **** 		uint8 maskedStatus = (uint8)(shifter_switches_INTSTAT & shifter_switches_MASK);
 150              		.loc 1 144 0
 151 0000 024A     		ldr	r2, .L14
 152 0002 1068     		ldr	r0, [r2]
 153 0004 0323     		mov	r3, #3
 154 0006 1840     		and	r0, r3
 155              	.LVL6:
 145:.\Generated_Source\PSoC4/shifter_switches.c **** 		shifter_switches_INTSTAT = maskedStatus;
 156              		.loc 1 145 0
 157 0008 1060     		str	r0, [r2]
 146:.\Generated_Source\PSoC4/shifter_switches.c ****         return maskedStatus >> shifter_switches_SHIFT;
 147:.\Generated_Source\PSoC4/shifter_switches.c ****     }
 158              		.loc 1 147 0
 159              		@ sp needed
 160 000a 7047     		bx	lr
 161              	.L15:
 162              		.align	2
 163              	.L14:
 164 000c 10010440 		.word	1074004240
 165              		.cfi_endproc
 166              	.LFE4:
 167              		.size	shifter_switches_ClearInterrupt, .-shifter_switches_ClearInterrupt
 168              		.text
 169              	.Letext0:
 170              		.file 2 ".\\Generated_Source\\PSoC4\\cytypes.h"
 171              		.section	.debug_info,"",%progbits
 172              	.Ldebug_info0:
 173 0000 4A010000 		.4byte	0x14a
 174 0004 0400     		.2byte	0x4
 175 0006 00000000 		.4byte	.Ldebug_abbrev0
 176 000a 04       		.byte	0x4
 177 000b 01       		.uleb128 0x1
 178 000c 88010000 		.4byte	.LASF24
 179 0010 01       		.byte	0x1
 180 0011 96000000 		.4byte	.LASF25
 181 0015 19000000 		.4byte	.LASF26
 182 0019 00000000 		.4byte	.Ldebug_ranges0+0
 183 001d 00000000 		.4byte	0
 184 0021 00000000 		.4byte	.Ldebug_line0
 185 0025 02       		.uleb128 0x2
 186 0026 01       		.byte	0x1
 187 0027 06       		.byte	0x6
 188 0028 4F020000 		.4byte	.LASF0
 189 002c 02       		.uleb128 0x2
 190 002d 01       		.byte	0x1
 191 002e 08       		.byte	0x8
 192 002f 88000000 		.4byte	.LASF1
 193 0033 02       		.uleb128 0x2
 194 0034 02       		.byte	0x2
 195 0035 05       		.byte	0x5
ARM GAS  C:\Users\Henry\AppData\Local\Temp\ccrXzVRi.s 			page 7


 196 0036 16020000 		.4byte	.LASF2
 197 003a 02       		.uleb128 0x2
 198 003b 02       		.byte	0x2
 199 003c 07       		.byte	0x7
 200 003d DA000000 		.4byte	.LASF3
 201 0041 02       		.uleb128 0x2
 202 0042 04       		.byte	0x4
 203 0043 05       		.byte	0x5
 204 0044 46020000 		.4byte	.LASF4
 205 0048 02       		.uleb128 0x2
 206 0049 04       		.byte	0x4
 207 004a 07       		.byte	0x7
 208 004b C8000000 		.4byte	.LASF5
 209 004f 02       		.uleb128 0x2
 210 0050 08       		.byte	0x8
 211 0051 05       		.byte	0x5
 212 0052 58010000 		.4byte	.LASF6
 213 0056 02       		.uleb128 0x2
 214 0057 08       		.byte	0x8
 215 0058 07       		.byte	0x7
 216 0059 26010000 		.4byte	.LASF7
 217 005d 03       		.uleb128 0x3
 218 005e 04       		.byte	0x4
 219 005f 05       		.byte	0x5
 220 0060 696E7400 		.ascii	"int\000"
 221 0064 02       		.uleb128 0x2
 222 0065 04       		.byte	0x4
 223 0066 07       		.byte	0x7
 224 0067 FB000000 		.4byte	.LASF8
 225 006b 04       		.uleb128 0x4
 226 006c 40020000 		.4byte	.LASF9
 227 0070 02       		.byte	0x2
 228 0071 C2       		.byte	0xc2
 229 0072 2C000000 		.4byte	0x2c
 230 0076 04       		.uleb128 0x4
 231 0077 F4000000 		.4byte	.LASF10
 232 007b 02       		.byte	0x2
 233 007c C4       		.byte	0xc4
 234 007d 48000000 		.4byte	0x48
 235 0081 02       		.uleb128 0x2
 236 0082 04       		.byte	0x4
 237 0083 04       		.byte	0x4
 238 0084 82000000 		.4byte	.LASF11
 239 0088 02       		.uleb128 0x2
 240 0089 08       		.byte	0x8
 241 008a 04       		.byte	0x4
 242 008b ED000000 		.4byte	.LASF12
 243 008f 02       		.uleb128 0x2
 244 0090 01       		.byte	0x1
 245 0091 08       		.byte	0x8
 246 0092 83010000 		.4byte	.LASF13
 247 0096 05       		.uleb128 0x5
 248 0097 00000000 		.4byte	.LASF14
 249 009b 02       		.byte	0x2
 250 009c 6E01     		.2byte	0x16e
 251 009e A2000000 		.4byte	0xa2
 252 00a2 06       		.uleb128 0x6
ARM GAS  C:\Users\Henry\AppData\Local\Temp\ccrXzVRi.s 			page 8


 253 00a3 76000000 		.4byte	0x76
 254 00a7 07       		.uleb128 0x7
 255 00a8 6B000000 		.4byte	.LASF15
 256 00ac 01       		.byte	0x1
 257 00ad 2A       		.byte	0x2a
 258 00ae 00000000 		.4byte	.LFB0
 259 00b2 18000000 		.4byte	.LFE0-.LFB0
 260 00b6 01       		.uleb128 0x1
 261 00b7 9C       		.byte	0x9c
 262 00b8 DB000000 		.4byte	0xdb
 263 00bc 08       		.uleb128 0x8
 264 00bd 13000000 		.4byte	.LASF17
 265 00c1 01       		.byte	0x1
 266 00c2 2A       		.byte	0x2a
 267 00c3 6B000000 		.4byte	0x6b
 268 00c7 00000000 		.4byte	.LLST0
 269 00cb 09       		.uleb128 0x9
 270 00cc C2000000 		.4byte	.LASF22
 271 00d0 01       		.byte	0x1
 272 00d1 2C       		.byte	0x2c
 273 00d2 6B000000 		.4byte	0x6b
 274 00d6 21000000 		.4byte	.LLST1
 275 00da 00       		.byte	0
 276 00db 07       		.uleb128 0x7
 277 00dc 08010000 		.4byte	.LASF16
 278 00e0 01       		.byte	0x1
 279 00e1 49       		.byte	0x49
 280 00e2 00000000 		.4byte	.LFB1
 281 00e6 20000000 		.4byte	.LFE1-.LFB1
 282 00ea 01       		.uleb128 0x1
 283 00eb 9C       		.byte	0x9c
 284 00ec 00010000 		.4byte	0x100
 285 00f0 08       		.uleb128 0x8
 286 00f1 3D010000 		.4byte	.LASF18
 287 00f5 01       		.byte	0x1
 288 00f6 49       		.byte	0x49
 289 00f7 6B000000 		.4byte	0x6b
 290 00fb 3F000000 		.4byte	.LLST2
 291 00ff 00       		.byte	0
 292 0100 0A       		.uleb128 0xa
 293 0101 42010000 		.4byte	.LASF19
 294 0105 01       		.byte	0x1
 295 0106 62       		.byte	0x62
 296 0107 6B000000 		.4byte	0x6b
 297 010b 00000000 		.4byte	.LFB2
 298 010f 10000000 		.4byte	.LFE2-.LFB2
 299 0113 01       		.uleb128 0x1
 300 0114 9C       		.byte	0x9c
 301 0115 0A       		.uleb128 0xa
 302 0116 66010000 		.4byte	.LASF20
 303 011a 01       		.byte	0x1
 304 011b 76       		.byte	0x76
 305 011c 6B000000 		.4byte	0x6b
 306 0120 00000000 		.4byte	.LFB3
 307 0124 10000000 		.4byte	.LFE3-.LFB3
 308 0128 01       		.uleb128 0x1
 309 0129 9C       		.byte	0x9c
ARM GAS  C:\Users\Henry\AppData\Local\Temp\ccrXzVRi.s 			page 9


 310 012a 0B       		.uleb128 0xb
 311 012b 20020000 		.4byte	.LASF21
 312 012f 01       		.byte	0x1
 313 0130 8E       		.byte	0x8e
 314 0131 6B000000 		.4byte	0x6b
 315 0135 00000000 		.4byte	.LFB4
 316 0139 10000000 		.4byte	.LFE4-.LFB4
 317 013d 01       		.uleb128 0x1
 318 013e 9C       		.byte	0x9c
 319 013f 0C       		.uleb128 0xc
 320 0140 06000000 		.4byte	.LASF23
 321 0144 01       		.byte	0x1
 322 0145 90       		.byte	0x90
 323 0146 6B000000 		.4byte	0x6b
 324 014a 01       		.uleb128 0x1
 325 014b 50       		.byte	0x50
 326 014c 00       		.byte	0
 327 014d 00       		.byte	0
 328              		.section	.debug_abbrev,"",%progbits
 329              	.Ldebug_abbrev0:
 330 0000 01       		.uleb128 0x1
 331 0001 11       		.uleb128 0x11
 332 0002 01       		.byte	0x1
 333 0003 25       		.uleb128 0x25
 334 0004 0E       		.uleb128 0xe
 335 0005 13       		.uleb128 0x13
 336 0006 0B       		.uleb128 0xb
 337 0007 03       		.uleb128 0x3
 338 0008 0E       		.uleb128 0xe
 339 0009 1B       		.uleb128 0x1b
 340 000a 0E       		.uleb128 0xe
 341 000b 55       		.uleb128 0x55
 342 000c 17       		.uleb128 0x17
 343 000d 11       		.uleb128 0x11
 344 000e 01       		.uleb128 0x1
 345 000f 10       		.uleb128 0x10
 346 0010 17       		.uleb128 0x17
 347 0011 00       		.byte	0
 348 0012 00       		.byte	0
 349 0013 02       		.uleb128 0x2
 350 0014 24       		.uleb128 0x24
 351 0015 00       		.byte	0
 352 0016 0B       		.uleb128 0xb
 353 0017 0B       		.uleb128 0xb
 354 0018 3E       		.uleb128 0x3e
 355 0019 0B       		.uleb128 0xb
 356 001a 03       		.uleb128 0x3
 357 001b 0E       		.uleb128 0xe
 358 001c 00       		.byte	0
 359 001d 00       		.byte	0
 360 001e 03       		.uleb128 0x3
 361 001f 24       		.uleb128 0x24
 362 0020 00       		.byte	0
 363 0021 0B       		.uleb128 0xb
 364 0022 0B       		.uleb128 0xb
 365 0023 3E       		.uleb128 0x3e
 366 0024 0B       		.uleb128 0xb
ARM GAS  C:\Users\Henry\AppData\Local\Temp\ccrXzVRi.s 			page 10


 367 0025 03       		.uleb128 0x3
 368 0026 08       		.uleb128 0x8
 369 0027 00       		.byte	0
 370 0028 00       		.byte	0
 371 0029 04       		.uleb128 0x4
 372 002a 16       		.uleb128 0x16
 373 002b 00       		.byte	0
 374 002c 03       		.uleb128 0x3
 375 002d 0E       		.uleb128 0xe
 376 002e 3A       		.uleb128 0x3a
 377 002f 0B       		.uleb128 0xb
 378 0030 3B       		.uleb128 0x3b
 379 0031 0B       		.uleb128 0xb
 380 0032 49       		.uleb128 0x49
 381 0033 13       		.uleb128 0x13
 382 0034 00       		.byte	0
 383 0035 00       		.byte	0
 384 0036 05       		.uleb128 0x5
 385 0037 16       		.uleb128 0x16
 386 0038 00       		.byte	0
 387 0039 03       		.uleb128 0x3
 388 003a 0E       		.uleb128 0xe
 389 003b 3A       		.uleb128 0x3a
 390 003c 0B       		.uleb128 0xb
 391 003d 3B       		.uleb128 0x3b
 392 003e 05       		.uleb128 0x5
 393 003f 49       		.uleb128 0x49
 394 0040 13       		.uleb128 0x13
 395 0041 00       		.byte	0
 396 0042 00       		.byte	0
 397 0043 06       		.uleb128 0x6
 398 0044 35       		.uleb128 0x35
 399 0045 00       		.byte	0
 400 0046 49       		.uleb128 0x49
 401 0047 13       		.uleb128 0x13
 402 0048 00       		.byte	0
 403 0049 00       		.byte	0
 404 004a 07       		.uleb128 0x7
 405 004b 2E       		.uleb128 0x2e
 406 004c 01       		.byte	0x1
 407 004d 3F       		.uleb128 0x3f
 408 004e 19       		.uleb128 0x19
 409 004f 03       		.uleb128 0x3
 410 0050 0E       		.uleb128 0xe
 411 0051 3A       		.uleb128 0x3a
 412 0052 0B       		.uleb128 0xb
 413 0053 3B       		.uleb128 0x3b
 414 0054 0B       		.uleb128 0xb
 415 0055 27       		.uleb128 0x27
 416 0056 19       		.uleb128 0x19
 417 0057 11       		.uleb128 0x11
 418 0058 01       		.uleb128 0x1
 419 0059 12       		.uleb128 0x12
 420 005a 06       		.uleb128 0x6
 421 005b 40       		.uleb128 0x40
 422 005c 18       		.uleb128 0x18
 423 005d 9742     		.uleb128 0x2117
ARM GAS  C:\Users\Henry\AppData\Local\Temp\ccrXzVRi.s 			page 11


 424 005f 19       		.uleb128 0x19
 425 0060 01       		.uleb128 0x1
 426 0061 13       		.uleb128 0x13
 427 0062 00       		.byte	0
 428 0063 00       		.byte	0
 429 0064 08       		.uleb128 0x8
 430 0065 05       		.uleb128 0x5
 431 0066 00       		.byte	0
 432 0067 03       		.uleb128 0x3
 433 0068 0E       		.uleb128 0xe
 434 0069 3A       		.uleb128 0x3a
 435 006a 0B       		.uleb128 0xb
 436 006b 3B       		.uleb128 0x3b
 437 006c 0B       		.uleb128 0xb
 438 006d 49       		.uleb128 0x49
 439 006e 13       		.uleb128 0x13
 440 006f 02       		.uleb128 0x2
 441 0070 17       		.uleb128 0x17
 442 0071 00       		.byte	0
 443 0072 00       		.byte	0
 444 0073 09       		.uleb128 0x9
 445 0074 34       		.uleb128 0x34
 446 0075 00       		.byte	0
 447 0076 03       		.uleb128 0x3
 448 0077 0E       		.uleb128 0xe
 449 0078 3A       		.uleb128 0x3a
 450 0079 0B       		.uleb128 0xb
 451 007a 3B       		.uleb128 0x3b
 452 007b 0B       		.uleb128 0xb
 453 007c 49       		.uleb128 0x49
 454 007d 13       		.uleb128 0x13
 455 007e 02       		.uleb128 0x2
 456 007f 17       		.uleb128 0x17
 457 0080 00       		.byte	0
 458 0081 00       		.byte	0
 459 0082 0A       		.uleb128 0xa
 460 0083 2E       		.uleb128 0x2e
 461 0084 00       		.byte	0
 462 0085 3F       		.uleb128 0x3f
 463 0086 19       		.uleb128 0x19
 464 0087 03       		.uleb128 0x3
 465 0088 0E       		.uleb128 0xe
 466 0089 3A       		.uleb128 0x3a
 467 008a 0B       		.uleb128 0xb
 468 008b 3B       		.uleb128 0x3b
 469 008c 0B       		.uleb128 0xb
 470 008d 27       		.uleb128 0x27
 471 008e 19       		.uleb128 0x19
 472 008f 49       		.uleb128 0x49
 473 0090 13       		.uleb128 0x13
 474 0091 11       		.uleb128 0x11
 475 0092 01       		.uleb128 0x1
 476 0093 12       		.uleb128 0x12
 477 0094 06       		.uleb128 0x6
 478 0095 40       		.uleb128 0x40
 479 0096 18       		.uleb128 0x18
 480 0097 9742     		.uleb128 0x2117
ARM GAS  C:\Users\Henry\AppData\Local\Temp\ccrXzVRi.s 			page 12


 481 0099 19       		.uleb128 0x19
 482 009a 00       		.byte	0
 483 009b 00       		.byte	0
 484 009c 0B       		.uleb128 0xb
 485 009d 2E       		.uleb128 0x2e
 486 009e 01       		.byte	0x1
 487 009f 3F       		.uleb128 0x3f
 488 00a0 19       		.uleb128 0x19
 489 00a1 03       		.uleb128 0x3
 490 00a2 0E       		.uleb128 0xe
 491 00a3 3A       		.uleb128 0x3a
 492 00a4 0B       		.uleb128 0xb
 493 00a5 3B       		.uleb128 0x3b
 494 00a6 0B       		.uleb128 0xb
 495 00a7 27       		.uleb128 0x27
 496 00a8 19       		.uleb128 0x19
 497 00a9 49       		.uleb128 0x49
 498 00aa 13       		.uleb128 0x13
 499 00ab 11       		.uleb128 0x11
 500 00ac 01       		.uleb128 0x1
 501 00ad 12       		.uleb128 0x12
 502 00ae 06       		.uleb128 0x6
 503 00af 40       		.uleb128 0x40
 504 00b0 18       		.uleb128 0x18
 505 00b1 9742     		.uleb128 0x2117
 506 00b3 19       		.uleb128 0x19
 507 00b4 00       		.byte	0
 508 00b5 00       		.byte	0
 509 00b6 0C       		.uleb128 0xc
 510 00b7 34       		.uleb128 0x34
 511 00b8 00       		.byte	0
 512 00b9 03       		.uleb128 0x3
 513 00ba 0E       		.uleb128 0xe
 514 00bb 3A       		.uleb128 0x3a
 515 00bc 0B       		.uleb128 0xb
 516 00bd 3B       		.uleb128 0x3b
 517 00be 0B       		.uleb128 0xb
 518 00bf 49       		.uleb128 0x49
 519 00c0 13       		.uleb128 0x13
 520 00c1 02       		.uleb128 0x2
 521 00c2 18       		.uleb128 0x18
 522 00c3 00       		.byte	0
 523 00c4 00       		.byte	0
 524 00c5 00       		.byte	0
 525              		.section	.debug_loc,"",%progbits
 526              	.Ldebug_loc0:
 527              	.LLST0:
 528 0000 00000000 		.4byte	.LVL0
 529 0004 06000000 		.4byte	.LVL1
 530 0008 0100     		.2byte	0x1
 531 000a 50       		.byte	0x50
 532 000b 06000000 		.4byte	.LVL1
 533 000f 18000000 		.4byte	.LFE0
 534 0013 0400     		.2byte	0x4
 535 0015 F3       		.byte	0xf3
 536 0016 01       		.uleb128 0x1
 537 0017 50       		.byte	0x50
ARM GAS  C:\Users\Henry\AppData\Local\Temp\ccrXzVRi.s 			page 13


 538 0018 9F       		.byte	0x9f
 539 0019 00000000 		.4byte	0
 540 001d 00000000 		.4byte	0
 541              	.LLST1:
 542 0021 0A000000 		.4byte	.LVL2
 543 0025 10000000 		.4byte	.LVL3
 544 0029 0100     		.2byte	0x1
 545 002b 52       		.byte	0x52
 546 002c 10000000 		.4byte	.LVL3
 547 0030 18000000 		.4byte	.LFE0
 548 0034 0100     		.2byte	0x1
 549 0036 50       		.byte	0x50
 550 0037 00000000 		.4byte	0
 551 003b 00000000 		.4byte	0
 552              	.LLST2:
 553 003f 00000000 		.4byte	.LVL4
 554 0043 14000000 		.4byte	.LVL5
 555 0047 0100     		.2byte	0x1
 556 0049 50       		.byte	0x50
 557 004a 14000000 		.4byte	.LVL5
 558 004e 20000000 		.4byte	.LFE1
 559 0052 0400     		.2byte	0x4
 560 0054 F3       		.byte	0xf3
 561 0055 01       		.uleb128 0x1
 562 0056 50       		.byte	0x50
 563 0057 9F       		.byte	0x9f
 564 0058 00000000 		.4byte	0
 565 005c 00000000 		.4byte	0
 566              		.section	.debug_aranges,"",%progbits
 567 0000 3C000000 		.4byte	0x3c
 568 0004 0200     		.2byte	0x2
 569 0006 00000000 		.4byte	.Ldebug_info0
 570 000a 04       		.byte	0x4
 571 000b 00       		.byte	0
 572 000c 0000     		.2byte	0
 573 000e 0000     		.2byte	0
 574 0010 00000000 		.4byte	.LFB0
 575 0014 18000000 		.4byte	.LFE0-.LFB0
 576 0018 00000000 		.4byte	.LFB1
 577 001c 20000000 		.4byte	.LFE1-.LFB1
 578 0020 00000000 		.4byte	.LFB2
 579 0024 10000000 		.4byte	.LFE2-.LFB2
 580 0028 00000000 		.4byte	.LFB3
 581 002c 10000000 		.4byte	.LFE3-.LFB3
 582 0030 00000000 		.4byte	.LFB4
 583 0034 10000000 		.4byte	.LFE4-.LFB4
 584 0038 00000000 		.4byte	0
 585 003c 00000000 		.4byte	0
 586              		.section	.debug_ranges,"",%progbits
 587              	.Ldebug_ranges0:
 588 0000 00000000 		.4byte	.LFB0
 589 0004 18000000 		.4byte	.LFE0
 590 0008 00000000 		.4byte	.LFB1
 591 000c 20000000 		.4byte	.LFE1
 592 0010 00000000 		.4byte	.LFB2
 593 0014 10000000 		.4byte	.LFE2
 594 0018 00000000 		.4byte	.LFB3
ARM GAS  C:\Users\Henry\AppData\Local\Temp\ccrXzVRi.s 			page 14


 595 001c 10000000 		.4byte	.LFE3
 596 0020 00000000 		.4byte	.LFB4
 597 0024 10000000 		.4byte	.LFE4
 598 0028 00000000 		.4byte	0
 599 002c 00000000 		.4byte	0
 600              		.section	.debug_line,"",%progbits
 601              	.Ldebug_line0:
 602 0000 B2000000 		.section	.debug_str,"MS",%progbits,1
 602      02004F00 
 602      00000201 
 602      FB0E0D00 
 602      01010101 
 603              	.LASF14:
 604 0000 72656733 		.ascii	"reg32\000"
 604      3200
 605              	.LASF23:
 606 0006 6D61736B 		.ascii	"maskedStatus\000"
 606      65645374 
 606      61747573 
 606      00
 607              	.LASF17:
 608 0013 76616C75 		.ascii	"value\000"
 608      6500
 609              	.LASF26:
 610 0019 433A5C55 		.ascii	"C:\\Users\\Henry\\Projects\\electronic_derailleur_e"
 610      73657273 
 610      5C48656E 
 610      72795C50 
 610      726F6A65 
 611 0048 6E706834 		.ascii	"nph459\\electronic_derailleur.cydsn\000"
 611      35395C65 
 611      6C656374 
 611      726F6E69 
 611      635F6465 
 612              	.LASF15:
 613 006b 73686966 		.ascii	"shifter_switches_Write\000"
 613      7465725F 
 613      73776974 
 613      63686573 
 613      5F577269 
 614              	.LASF11:
 615 0082 666C6F61 		.ascii	"float\000"
 615      7400
 616              	.LASF1:
 617 0088 756E7369 		.ascii	"unsigned char\000"
 617      676E6564 
 617      20636861 
 617      7200
 618              	.LASF25:
 619 0096 2E5C4765 		.ascii	".\\Generated_Source\\PSoC4\\shifter_switches.c\000"
 619      6E657261 
 619      7465645F 
 619      536F7572 
 619      63655C50 
 620              	.LASF22:
 621 00c2 64725661 		.ascii	"drVal\000"
 621      6C00
ARM GAS  C:\Users\Henry\AppData\Local\Temp\ccrXzVRi.s 			page 15


 622              	.LASF5:
 623 00c8 6C6F6E67 		.ascii	"long unsigned int\000"
 623      20756E73 
 623      69676E65 
 623      6420696E 
 623      7400
 624              	.LASF3:
 625 00da 73686F72 		.ascii	"short unsigned int\000"
 625      7420756E 
 625      7369676E 
 625      65642069 
 625      6E7400
 626              	.LASF12:
 627 00ed 646F7562 		.ascii	"double\000"
 627      6C6500
 628              	.LASF10:
 629 00f4 75696E74 		.ascii	"uint32\000"
 629      333200
 630              	.LASF8:
 631 00fb 756E7369 		.ascii	"unsigned int\000"
 631      676E6564 
 631      20696E74 
 631      00
 632              	.LASF16:
 633 0108 73686966 		.ascii	"shifter_switches_SetDriveMode\000"
 633      7465725F 
 633      73776974 
 633      63686573 
 633      5F536574 
 634              	.LASF7:
 635 0126 6C6F6E67 		.ascii	"long long unsigned int\000"
 635      206C6F6E 
 635      6720756E 
 635      7369676E 
 635      65642069 
 636              	.LASF18:
 637 013d 6D6F6465 		.ascii	"mode\000"
 637      00
 638              	.LASF19:
 639 0142 73686966 		.ascii	"shifter_switches_Read\000"
 639      7465725F 
 639      73776974 
 639      63686573 
 639      5F526561 
 640              	.LASF6:
 641 0158 6C6F6E67 		.ascii	"long long int\000"
 641      206C6F6E 
 641      6720696E 
 641      7400
 642              	.LASF20:
 643 0166 73686966 		.ascii	"shifter_switches_ReadDataReg\000"
 643      7465725F 
 643      73776974 
 643      63686573 
 643      5F526561 
 644              	.LASF13:
 645 0183 63686172 		.ascii	"char\000"
ARM GAS  C:\Users\Henry\AppData\Local\Temp\ccrXzVRi.s 			page 16


 645      00
 646              	.LASF24:
 647 0188 474E5520 		.ascii	"GNU C 4.9.3 20150303 (release) [ARM/embedded-4_9-br"
 647      4320342E 
 647      392E3320 
 647      32303135 
 647      30333033 
 648 01bb 616E6368 		.ascii	"anch revision 221220] -mcpu=cortex-m0 -mthumb -g -O"
 648      20726576 
 648      6973696F 
 648      6E203232 
 648      31323230 
 649 01ee 67202D66 		.ascii	"g -ffunction-sections -ffat-lto-objects\000"
 649      66756E63 
 649      74696F6E 
 649      2D736563 
 649      74696F6E 
 650              	.LASF2:
 651 0216 73686F72 		.ascii	"short int\000"
 651      7420696E 
 651      7400
 652              	.LASF21:
 653 0220 73686966 		.ascii	"shifter_switches_ClearInterrupt\000"
 653      7465725F 
 653      73776974 
 653      63686573 
 653      5F436C65 
 654              	.LASF9:
 655 0240 75696E74 		.ascii	"uint8\000"
 655      3800
 656              	.LASF4:
 657 0246 6C6F6E67 		.ascii	"long int\000"
 657      20696E74 
 657      00
 658              	.LASF0:
 659 024f 7369676E 		.ascii	"signed char\000"
 659      65642063 
 659      68617200 
 660              		.ident	"GCC: (GNU Tools for ARM Embedded Processors) 4.9.3 20150303 (release) [ARM/embedded-4_9-br
